<!DOCTYPE html>

<html>
  <head>
  <meta charset='utf-8'>
  <title>TestNG reports</title>

    <link type="text/css" href="testng-reports1.css" rel="stylesheet" id="ultra" />
    <link type="text/css" href="testng-reports.css" rel="stylesheet" id="retro" disabled="false"/>
    <script type="text/javascript" src="jquery-3.6.0.min.js"></script>
    <script type="text/javascript" src="testng-reports.js"></script>
    <script type="text/javascript" src="https://www.google.com/jsapi"></script>
    <script type='text/javascript'>
      google.load('visualization', '1', {packages:['table']});
      google.setOnLoadCallback(drawTable);
      var suiteTableInitFunctions = new Array();
      var suiteTableData = new Array();
    </script>
    <!--
      <script type="text/javascript" src="jquery-ui/js/jquery-ui-1.8.16.custom.min.js"></script>
     -->
  </head>

  <body>    <div class="top-banner-root">
      <span class="top-banner-title-font">Test results</span>
      <button id="button" class="button">Switch Retro Theme</button> <!-- button -->
      <br/>
      <span class="top-banner-font-1">1 suite, 12 failed tests</span>
    </div> <!-- top-banner-root -->
    <div class="navigator-root">
      <div class="navigator-suite-header">
        <span>All suites</span>
        <a href="#" title="Collapse/expand all the suites" class="collapse-all-link">
          <img src="collapseall.gif" class="collapse-all-icon">
          </img> <!-- collapse-all-icon -->
        </a> <!-- collapse-all-link -->
      </div> <!-- navigator-suite-header -->
      <div class="suite">
        <div class="rounded-window">
          <div class="suite-header light-rounded-window-top">
            <a href="#" panel-name="suite-Default_suite" class="navigator-link">
              <span class="suite-name border-failed">Default suite</span>
            </a> <!-- navigator-link -->
          </div> <!-- suite-header light-rounded-window-top -->
          <div class="navigator-suite-content">
            <div class="suite-section-title">
              <span>Info</span>
            </div> <!-- suite-section-title -->
            <div class="suite-section-content">
              <ul>
                <li>
                  <a href="#" panel-name="test-xml-Default_suite" class="navigator-link ">
                    <span>C:\Users\prana\AppData\Local\Temp\testng-eclipse-1370074263\testng-customsuite.xml</span>
                  </a> <!-- navigator-link  -->
                </li>
                <li>
                  <a href="#" panel-name="testlist-Default_suite" class="navigator-link ">
                    <span class="test-stats">1 test</span>
                  </a> <!-- navigator-link  -->
                </li>
                <li>
                  <a href="#" panel-name="group-Default_suite" class="navigator-link ">
                    <span>1 group</span>
                  </a> <!-- navigator-link  -->
                </li>
                <li>
                  <a href="#" panel-name="times-Default_suite" class="navigator-link ">
                    <span>Times</span>
                  </a> <!-- navigator-link  -->
                </li>
                <li>
                  <a href="#" panel-name="reporter-Default_suite" class="navigator-link ">
                    <span>Reporter output</span>
                  </a> <!-- navigator-link  -->
                </li>
                <li>
                  <a href="#" panel-name="ignored-methods-Default_suite" class="navigator-link ">
                    <span>Ignored methods</span>
                  </a> <!-- navigator-link  -->
                </li>
                <li>
                  <a href="#" panel-name="chronological-Default_suite" class="navigator-link ">
                    <span>Chronological view</span>
                  </a> <!-- navigator-link  -->
                </li>
              </ul>
            </div> <!-- suite-section-content -->
            <div class="result-section">
              <div class="suite-section-title">
                <span>Results</span>
              </div> <!-- suite-section-title -->
              <div class="suite-section-content">
                <ul>
                  <li>
                    <span class="method-stats">26 methods, 12 failed,   14 passed</span>
                  </li>
                  <li>
                    <span class="method-list-title failed">Failed methods</span>
                    <span class="show-or-hide-methods failed">
                      <a href="#" panel-name="suite-Default_suite" class="hide-methods failed suite-Default_suite"> (hide)</a> <!-- hide-methods failed suite-Default_suite -->
                      <a href="#" panel-name="suite-Default_suite" class="show-methods failed suite-Default_suite"> (show)</a> <!-- show-methods failed suite-Default_suite -->
                    </span>
                    <div class="method-list-content failed suite-Default_suite">
                      <span>
                        <img src="failed.png" width="3%"/>
                        <a href="#" panel-name="suite-Default_suite" title="TestRunner.Runner" class="method navigator-link" hash-for-method="runScenario(&quot;Login with valid credentials using DDT&quot;, &quot;Login&quot;)">runScenario("Login with valid credentials using DDT", "Login")</a> <!-- method navigator-link -->
                      </span>
                      <br/>
                      <span>
                        <img src="failed.png" width="3%"/>
                        <a href="#" panel-name="suite-Default_suite" title="TestRunner.Runner" class="method navigator-link" hash-for-method="runScenario(&quot;Verify that user can successfully purchase a product&quot;, &quot;User Product Purchase Flow&quot;)">runScenario("Verify that user can successfully purchase a product", "User Product Purchase Flow")</a> <!-- method navigator-link -->
                      </span>
                      <br/>
                      <span>
                        <img src="failed.png" width="3%"/>
                        <a href="#" panel-name="suite-Default_suite" title="TestRunner.Runner" class="method navigator-link" hash-for-method="runScenario(&quot;Verify that user can successfully purchase a product&quot;, &quot;User Product Purchase Flow&quot;)">runScenario("Verify that user can successfully purchase a product", "User Product Purchase Flow")</a> <!-- method navigator-link -->
                      </span>
                      <br/>
                      <span>
                        <img src="failed.png" width="3%"/>
                        <a href="#" panel-name="suite-Default_suite" title="TestRunner.Runner" class="method navigator-link" hash-for-method="runScenario(&quot;Login with valid credentials using DDT&quot;, &quot;Login&quot;)">runScenario("Login with valid credentials using DDT", "Login")</a> <!-- method navigator-link -->
                      </span>
                      <br/>
                      <span>
                        <img src="failed.png" width="3%"/>
                        <a href="#" panel-name="suite-Default_suite" title="TestRunner.Runner" class="method navigator-link" hash-for-method="runScenario(&quot;Verify that user can successfully purchase a product&quot;, &quot;User Product Purchase Flow&quot;)">runScenario("Verify that user can successfully purchase a product", "User Product Purchase Flow")</a> <!-- method navigator-link -->
                      </span>
                      <br/>
                      <span>
                        <img src="failed.png" width="3%"/>
                        <a href="#" panel-name="suite-Default_suite" title="TestRunner.Runner" class="method navigator-link" hash-for-method="runScenario(&quot;Verify that user can successfully purchase a product&quot;, &quot;User Product Purchase Flow&quot;)">runScenario("Verify that user can successfully purchase a product", "User Product Purchase Flow")</a> <!-- method navigator-link -->
                      </span>
                      <br/>
                      <span>
                        <img src="failed.png" width="3%"/>
                        <a href="#" panel-name="suite-Default_suite" title="TestRunner.Runner" class="method navigator-link" hash-for-method="runScenario(&quot;Search for a  product&quot;, &quot;SearchBar&quot;)">runScenario("Search for a  product", "SearchBar")</a> <!-- method navigator-link -->
                      </span>
                      <br/>
                      <span>
                        <img src="failed.png" width="3%"/>
                        <a href="#" panel-name="suite-Default_suite" title="TestRunner.Runner" class="method navigator-link" hash-for-method="runScenario(&quot;Login with valid credentials using DDT&quot;, &quot;Login&quot;)">runScenario("Login with valid credentials using DDT", "Login")</a> <!-- method navigator-link -->
                      </span>
                      <br/>
                      <span>
                        <img src="failed.png" width="3%"/>
                        <a href="#" panel-name="suite-Default_suite" title="TestRunner.Runner" class="method navigator-link" hash-for-method="runScenario(&quot;Verify that user can successfully purchase a product&quot;, &quot;User Product Purchase Flow&quot;)">runScenario("Verify that user can successfully purchase a product", "User Product Purchase Flow")</a> <!-- method navigator-link -->
                      </span>
                      <br/>
                      <span>
                        <img src="failed.png" width="3%"/>
                        <a href="#" panel-name="suite-Default_suite" title="TestRunner.Runner" class="method navigator-link" hash-for-method="runScenario(&quot;Verify that user can successfully purchase a product&quot;, &quot;User Product Purchase Flow&quot;)">runScenario("Verify that user can successfully purchase a product", "User Product Purchase Flow")</a> <!-- method navigator-link -->
                      </span>
                      <br/>
                      <span>
                        <img src="failed.png" width="3%"/>
                        <a href="#" panel-name="suite-Default_suite" title="TestRunner.Runner" class="method navigator-link" hash-for-method="runScenario(&quot;Verify that user can successfully purchase a product&quot;, &quot;User Product Purchase Flow&quot;)">runScenario("Verify that user can successfully purchase a product", "User Product Purchase Flow")</a> <!-- method navigator-link -->
                      </span>
                      <br/>
                      <span>
                        <img src="failed.png" width="3%"/>
                        <a href="#" panel-name="suite-Default_suite" title="TestRunner.Runner" class="method navigator-link" hash-for-method="runScenario(&quot;Verify that user can successfully purchase a product&quot;, &quot;User Product Purchase Flow&quot;)">runScenario("Verify that user can successfully purchase a product", "User Product Purchase Flow")</a> <!-- method navigator-link -->
                      </span>
                      <br/>
                    </div> <!-- method-list-content failed suite-Default_suite -->
                  </li>
                  <li>
                    <span class="method-list-title passed">Passed methods</span>
                    <span class="show-or-hide-methods passed">
                      <a href="#" panel-name="suite-Default_suite" class="hide-methods passed suite-Default_suite"> (hide)</a> <!-- hide-methods passed suite-Default_suite -->
                      <a href="#" panel-name="suite-Default_suite" class="show-methods passed suite-Default_suite"> (show)</a> <!-- show-methods passed suite-Default_suite -->
                    </span>
                    <div class="method-list-content passed suite-Default_suite">
                      <span>
                        <img src="passed.png" width="3%"/>
                        <a href="#" panel-name="suite-Default_suite" title="TestRunner.Runner" class="method navigator-link" hash-for-method="runScenario(&quot;Login with valid credentials using DDT&quot;, &quot;Login&quot;)">runScenario("Login with valid credentials using DDT", "Login")</a> <!-- method navigator-link -->
                      </span>
                      <br/>
                      <span>
                        <img src="passed.png" width="3%"/>
                        <a href="#" panel-name="suite-Default_suite" title="TestRunner.Runner" class="method navigator-link" hash-for-method="runScenario(&quot;Verify that user can successfully purchase a product&quot;, &quot;User Product Purchase Flow&quot;)">runScenario("Verify that user can successfully purchase a product", "User Product Purchase Flow")</a> <!-- method navigator-link -->
                      </span>
                      <br/>
                      <span>
                        <img src="passed.png" width="3%"/>
                        <a href="#" panel-name="suite-Default_suite" title="TestRunner.Runner" class="method navigator-link" hash-for-method="runScenario(&quot;Login with valid credentials using DDT&quot;, &quot;Login&quot;)">runScenario("Login with valid credentials using DDT", "Login")</a> <!-- method navigator-link -->
                      </span>
                      <br/>
                      <span>
                        <img src="passed.png" width="3%"/>
                        <a href="#" panel-name="suite-Default_suite" title="TestRunner.Runner" class="method navigator-link" hash-for-method="runScenario(&quot;Verify that user can successfully purchase a product&quot;, &quot;User Product Purchase Flow&quot;)">runScenario("Verify that user can successfully purchase a product", "User Product Purchase Flow")</a> <!-- method navigator-link -->
                      </span>
                      <br/>
                      <span>
                        <img src="passed.png" width="3%"/>
                        <a href="#" panel-name="suite-Default_suite" title="TestRunner.Runner" class="method navigator-link" hash-for-method="runScenario(&quot;Verify that user can successfully purchase a product&quot;, &quot;User Product Purchase Flow&quot;)">runScenario("Verify that user can successfully purchase a product", "User Product Purchase Flow")</a> <!-- method navigator-link -->
                      </span>
                      <br/>
                      <span>
                        <img src="passed.png" width="3%"/>
                        <a href="#" panel-name="suite-Default_suite" title="TestRunner.Runner" class="method navigator-link" hash-for-method="runScenario(&quot;Verify that user can successfully purchase a product&quot;, &quot;User Product Purchase Flow&quot;)">runScenario("Verify that user can successfully purchase a product", "User Product Purchase Flow")</a> <!-- method navigator-link -->
                      </span>
                      <br/>
                      <span>
                        <img src="passed.png" width="3%"/>
                        <a href="#" panel-name="suite-Default_suite" title="TestRunner.Runner" class="method navigator-link" hash-for-method="runScenario(&quot;Verify that user can successfully purchase a product&quot;, &quot;User Product Purchase Flow&quot;)">runScenario("Verify that user can successfully purchase a product", "User Product Purchase Flow")</a> <!-- method navigator-link -->
                      </span>
                      <br/>
                      <span>
                        <img src="passed.png" width="3%"/>
                        <a href="#" panel-name="suite-Default_suite" title="TestRunner.Runner" class="method navigator-link" hash-for-method="runScenario(&quot;Verify that user can successfully purchase a product&quot;, &quot;User Product Purchase Flow&quot;)">runScenario("Verify that user can successfully purchase a product", "User Product Purchase Flow")</a> <!-- method navigator-link -->
                      </span>
                      <br/>
                      <span>
                        <img src="passed.png" width="3%"/>
                        <a href="#" panel-name="suite-Default_suite" title="TestRunner.Runner" class="method navigator-link" hash-for-method="runScenario(&quot;Login with valid credentials using DDT&quot;, &quot;Login&quot;)">runScenario("Login with valid credentials using DDT", "Login")</a> <!-- method navigator-link -->
                      </span>
                      <br/>
                      <span>
                        <img src="passed.png" width="3%"/>
                        <a href="#" panel-name="suite-Default_suite" title="TestRunner.Runner" class="method navigator-link" hash-for-method="runScenario(&quot;Verify that user can successfully purchase a product&quot;, &quot;User Product Purchase Flow&quot;)">runScenario("Verify that user can successfully purchase a product", "User Product Purchase Flow")</a> <!-- method navigator-link -->
                      </span>
                      <br/>
                      <span>
                        <img src="passed.png" width="3%"/>
                        <a href="#" panel-name="suite-Default_suite" title="TestRunner.Runner" class="method navigator-link" hash-for-method="runScenario(&quot;Verify that user can successfully purchase a product&quot;, &quot;User Product Purchase Flow&quot;)">runScenario("Verify that user can successfully purchase a product", "User Product Purchase Flow")</a> <!-- method navigator-link -->
                      </span>
                      <br/>
                      <span>
                        <img src="passed.png" width="3%"/>
                        <a href="#" panel-name="suite-Default_suite" title="TestRunner.Runner" class="method navigator-link" hash-for-method="runScenario(&quot;Verify that user can successfully purchase a product&quot;, &quot;User Product Purchase Flow&quot;)">runScenario("Verify that user can successfully purchase a product", "User Product Purchase Flow")</a> <!-- method navigator-link -->
                      </span>
                      <br/>
                      <span>
                        <img src="passed.png" width="3%"/>
                        <a href="#" panel-name="suite-Default_suite" title="TestRunner.Runner" class="method navigator-link" hash-for-method="runScenario(&quot;Login with valid credentials using DDT&quot;, &quot;Login&quot;)">runScenario("Login with valid credentials using DDT", "Login")</a> <!-- method navigator-link -->
                      </span>
                      <br/>
                      <span>
                        <img src="passed.png" width="3%"/>
                        <a href="#" panel-name="suite-Default_suite" title="TestRunner.Runner" class="method navigator-link" hash-for-method="runScenario(&quot;Login with valid credentials using DDT&quot;, &quot;Login&quot;)">runScenario("Login with valid credentials using DDT", "Login")</a> <!-- method navigator-link -->
                      </span>
                      <br/>
                    </div> <!-- method-list-content passed suite-Default_suite -->
                  </li>
                </ul>
              </div> <!-- suite-section-content -->
            </div> <!-- result-section -->
          </div> <!-- navigator-suite-content -->
        </div> <!-- rounded-window -->
      </div> <!-- suite -->
    </div> <!-- navigator-root -->
    <div class="wrapper">
      <div class="main-panel-root">
        <div panel-name="suite-Default_suite" class="panel Default_suite">
          <div class="suite-Default_suite-class-failed">
            <div class="main-panel-header rounded-window-top">
              <img src="failed.png"/>
              <span class="class-name">TestRunner.Runner</span>
            </div> <!-- main-panel-header rounded-window-top -->
            <div class="main-panel-content rounded-window-bottom">
              <div class="method">
                <div class="method-content">
                  <a name="runScenario(&quot;Login with valid credentials using DDT&quot;, &quot;Login&quot;)">
                  </a> <!-- runScenario("Login with valid credentials using DDT", "Login") -->
                  <span class="method-name">runScenario</span>
                  <span class="parameters">("Login with valid credentials using DDT","Login")</span>
                  <div class="stack-trace">org.openqa.selenium.WebDriverException: unknown error: ChromeDriver only supports characters in the BMP
  (Session info: chrome=131.0.6778.205)
Build info: version: &apos;4.27.0&apos;, revision: &apos;d6e718d134&apos;
System info: os.name: &apos;Windows 11&apos;, os.arch: &apos;amd64&apos;, os.version: &apos;10.0&apos;, java.version: &apos;23&apos;
Driver info: org.openqa.selenium.chrome.ChromeDriver
Command: [4f4f8691d9e684f461d6a04355c26f27, sendKeysToElement {value=[Ljava.lang.CharSequence;@26c7b1c6, id=f.EB440031888167CBDD30F52D3080F079.d.DCAEF4AB9F1D7F36B3F4E9E4FDC1C4F3.e.86}]
Capabilities {acceptInsecureCerts: false, browserName: chrome, browserVersion: 131.0.6778.205, chrome: {chromedriverVersion: 131.0.6778.204 (52183f9e99a..., userDataDir: C:\Users\prana\AppData\Loca...}, fedcm:accounts: true, goog:chromeOptions: {debuggerAddress: localhost:54887}, networkConnectionEnabled: false, pageLoadStrategy: normal, platformName: windows, proxy: Proxy(), se:cdp: ws://localhost:54887/devtoo..., se:cdpVersion: 131.0.6778.205, setWindowRect: true, strictFileInteractability: false, timeouts: {implicit: 0, pageLoad: 300000, script: 30000}, unhandledPromptBehavior: dismiss and notify, webauthn:extension:credBlob: true, webauthn:extension:largeBlob: true, webauthn:extension:minPinLength: true, webauthn:extension:prf: true, webauthn:virtualAuthenticators: true}
Element: [[ChromeDriver: chrome on windows (4f4f8691d9e684f461d6a04355c26f27)] -&gt; id: number]
Session ID: 4f4f8691d9e684f461d6a04355c26f27
	at java.base/jdk.internal.reflect.DirectConstructorHandleAccessor.newInstance(DirectConstructorHandleAccessor.java:62)
	at java.base/java.lang.reflect.Constructor.newInstanceWithCaller(Constructor.java:501)
	at java.base/java.lang.reflect.Constructor.newInstance(Constructor.java:485)
	at org.openqa.selenium.remote.ErrorCodec.decode(ErrorCodec.java:167)
	at org.openqa.selenium.remote.codec.w3c.W3CHttpResponseCodec.decode(W3CHttpResponseCodec.java:138)
	at org.openqa.selenium.remote.codec.w3c.W3CHttpResponseCodec.decode(W3CHttpResponseCodec.java:50)
	at org.openqa.selenium.remote.HttpCommandExecutor.execute(HttpCommandExecutor.java:190)
	at org.openqa.selenium.remote.service.DriverCommandExecutor.invokeExecute(DriverCommandExecutor.java:216)
	at org.openqa.selenium.remote.service.DriverCommandExecutor.execute(DriverCommandExecutor.java:174)
	at org.openqa.selenium.remote.RemoteWebDriver.execute(RemoteWebDriver.java:545)
	at org.openqa.selenium.remote.RemoteWebElement.execute(RemoteWebElement.java:223)
	at org.openqa.selenium.remote.RemoteWebElement.sendKeys(RemoteWebElement.java:110)
	at java.base/jdk.internal.reflect.DirectMethodHandleAccessor.invoke(DirectMethodHandleAccessor.java:103)
	at java.base/java.lang.reflect.Method.invoke(Method.java:580)
	at org.openqa.selenium.support.pagefactory.internal.LocatingElementHandler.invoke(LocatingElementHandler.java:51)
	at jdk.proxy2/jdk.proxy2.$Proxy28.sendKeys(Unknown Source)
	at PageObject.Login.enterPhoneNumber(Login.java:69)
	at StepDefination.stepDef.i_enter_the_valid_phone_number_into_the_phone_number_field(stepDef.java:68)
	at ‚úΩ.I enter the valid phone number &quot;‚ù§Ô∏èüíûüé∂üòÄ&quot; into the phone number field(file:///D:/Automn%20Selenium/CucumberNakyaaProject/src/test/resources/features/Login.feature:21)

</div> <!-- stack-trace -->
                  <em>
(Runs Cucumber Scenarios)                  </em>
                </div> <!-- method-content -->
              </div> <!-- method -->
              <div class="method">
                <div class="method-content">
                  <a name="runScenario(&quot;Verify that user can successfully purchase a product&quot;, &quot;User Product Purchase Flow&quot;)">
                  </a> <!-- runScenario("Verify that user can successfully purchase a product", "User Product Purchase Flow") -->
                  <span class="method-name">runScenario</span>
                  <span class="parameters">("Verify that user can successfully purchase a product","User Product Purchase Flow")</span>
                  <div class="stack-trace">org.openqa.selenium.WebDriverException: unknown error: ChromeDriver only supports characters in the BMP
  (Session info: chrome=131.0.6778.205)
Build info: version: &apos;4.27.0&apos;, revision: &apos;d6e718d134&apos;
System info: os.name: &apos;Windows 11&apos;, os.arch: &apos;amd64&apos;, os.version: &apos;10.0&apos;, java.version: &apos;23&apos;
Driver info: org.openqa.selenium.chrome.ChromeDriver
Command: [65117c97a9bc38b0b7cf33e2bef00dd4, sendKeysToElement {value=[Ljava.lang.CharSequence;@36dc6b9, id=f.A04B9CEEA074E8B353032D56B5F46D1C.d.089769F55968C9343AD71D6906078F39.e.147}]
Capabilities {acceptInsecureCerts: false, browserName: chrome, browserVersion: 131.0.6778.205, chrome: {chromedriverVersion: 131.0.6778.204 (52183f9e99a..., userDataDir: C:\Users\prana\AppData\Loca...}, fedcm:accounts: true, goog:chromeOptions: {debuggerAddress: localhost:55597}, networkConnectionEnabled: false, pageLoadStrategy: normal, platformName: windows, proxy: Proxy(), se:cdp: ws://localhost:55597/devtoo..., se:cdpVersion: 131.0.6778.205, setWindowRect: true, strictFileInteractability: false, timeouts: {implicit: 0, pageLoad: 300000, script: 30000}, unhandledPromptBehavior: dismiss and notify, webauthn:extension:credBlob: true, webauthn:extension:largeBlob: true, webauthn:extension:minPinLength: true, webauthn:extension:prf: true, webauthn:virtualAuthenticators: true}
Element: [[ChromeDriver: chrome on windows (65117c97a9bc38b0b7cf33e2bef00dd4)] -&gt; css selector: [id=&quot;name&quot;]]
Session ID: 65117c97a9bc38b0b7cf33e2bef00dd4
	at java.base/jdk.internal.reflect.DirectConstructorHandleAccessor.newInstance(DirectConstructorHandleAccessor.java:62)
	at java.base/java.lang.reflect.Constructor.newInstanceWithCaller(Constructor.java:501)
	at java.base/java.lang.reflect.Constructor.newInstance(Constructor.java:485)
	at org.openqa.selenium.remote.ErrorCodec.decode(ErrorCodec.java:167)
	at org.openqa.selenium.remote.codec.w3c.W3CHttpResponseCodec.decode(W3CHttpResponseCodec.java:138)
	at org.openqa.selenium.remote.codec.w3c.W3CHttpResponseCodec.decode(W3CHttpResponseCodec.java:50)
	at org.openqa.selenium.remote.HttpCommandExecutor.execute(HttpCommandExecutor.java:190)
	at org.openqa.selenium.remote.service.DriverCommandExecutor.invokeExecute(DriverCommandExecutor.java:216)
	at org.openqa.selenium.remote.service.DriverCommandExecutor.execute(DriverCommandExecutor.java:174)
	at org.openqa.selenium.remote.RemoteWebDriver.execute(RemoteWebDriver.java:545)
	at org.openqa.selenium.remote.RemoteWebElement.execute(RemoteWebElement.java:223)
	at org.openqa.selenium.remote.RemoteWebElement.sendKeys(RemoteWebElement.java:110)
	at java.base/jdk.internal.reflect.DirectMethodHandleAccessor.invoke(DirectMethodHandleAccessor.java:103)
	at java.base/java.lang.reflect.Method.invoke(Method.java:580)
	at org.openqa.selenium.support.pagefactory.internal.LocatingElementHandler.invoke(LocatingElementHandler.java:51)
	at jdk.proxy2/jdk.proxy2.$Proxy28.sendKeys(Unknown Source)
	at PageObject.PurchaseProduct.enterName(PurchaseProduct.java:101)
	at StepDefination.stepDef.i_enter_as_the_name(stepDef.java:180)
	at ‚úΩ.I enter &quot;üòäüòä&quot; as the name(file:///D:/Automn%20Selenium/CucumberNakyaaProject/src/test/resources/features/purchase.feature:31)

</div> <!-- stack-trace -->
                  <em>
(Runs Cucumber Scenarios)                  </em>
                </div> <!-- method-content -->
              </div> <!-- method -->
              <div class="method">
                <div class="method-content">
                  <a name="runScenario(&quot;Verify that user can successfully purchase a product&quot;, &quot;User Product Purchase Flow&quot;)">
                  </a> <!-- runScenario("Verify that user can successfully purchase a product", "User Product Purchase Flow") -->
                  <span class="method-name">runScenario</span>
                  <span class="parameters">("Verify that user can successfully purchase a product","User Product Purchase Flow")</span>
                  <div class="stack-trace">org.openqa.selenium.WebDriverException: unknown error: ChromeDriver only supports characters in the BMP
  (Session info: chrome=131.0.6778.205)
Build info: version: &apos;4.27.0&apos;, revision: &apos;d6e718d134&apos;
System info: os.name: &apos;Windows 11&apos;, os.arch: &apos;amd64&apos;, os.version: &apos;10.0&apos;, java.version: &apos;23&apos;
Driver info: org.openqa.selenium.chrome.ChromeDriver
Command: [a5cf9c42fdadf2bffd480273085afd35, sendKeysToElement {value=[Ljava.lang.CharSequence;@704ca8a8, id=f.55E42B1F17217EA1C8C9504E89DDBA0E.d.031D7B1F8F151DD7A3F140792351F3C4.e.137}]
Capabilities {acceptInsecureCerts: false, browserName: chrome, browserVersion: 131.0.6778.205, chrome: {chromedriverVersion: 131.0.6778.204 (52183f9e99a..., userDataDir: C:\Users\prana\AppData\Loca...}, fedcm:accounts: true, goog:chromeOptions: {debuggerAddress: localhost:55900}, networkConnectionEnabled: false, pageLoadStrategy: normal, platformName: windows, proxy: Proxy(), se:cdp: ws://localhost:55900/devtoo..., se:cdpVersion: 131.0.6778.205, setWindowRect: true, strictFileInteractability: false, timeouts: {implicit: 0, pageLoad: 300000, script: 30000}, unhandledPromptBehavior: dismiss and notify, webauthn:extension:credBlob: true, webauthn:extension:largeBlob: true, webauthn:extension:minPinLength: true, webauthn:extension:prf: true, webauthn:virtualAuthenticators: true}
Element: [[ChromeDriver: chrome on windows (a5cf9c42fdadf2bffd480273085afd35)] -&gt; css selector: [id=&quot;postal&quot;]]
Session ID: a5cf9c42fdadf2bffd480273085afd35
	at java.base/jdk.internal.reflect.DirectConstructorHandleAccessor.newInstance(DirectConstructorHandleAccessor.java:62)
	at java.base/java.lang.reflect.Constructor.newInstanceWithCaller(Constructor.java:501)
	at java.base/java.lang.reflect.Constructor.newInstance(Constructor.java:485)
	at org.openqa.selenium.remote.ErrorCodec.decode(ErrorCodec.java:167)
	at org.openqa.selenium.remote.codec.w3c.W3CHttpResponseCodec.decode(W3CHttpResponseCodec.java:138)
	at org.openqa.selenium.remote.codec.w3c.W3CHttpResponseCodec.decode(W3CHttpResponseCodec.java:50)
	at org.openqa.selenium.remote.HttpCommandExecutor.execute(HttpCommandExecutor.java:190)
	at org.openqa.selenium.remote.service.DriverCommandExecutor.invokeExecute(DriverCommandExecutor.java:216)
	at org.openqa.selenium.remote.service.DriverCommandExecutor.execute(DriverCommandExecutor.java:174)
	at org.openqa.selenium.remote.RemoteWebDriver.execute(RemoteWebDriver.java:545)
	at org.openqa.selenium.remote.RemoteWebElement.execute(RemoteWebElement.java:223)
	at org.openqa.selenium.remote.RemoteWebElement.sendKeys(RemoteWebElement.java:110)
	at java.base/jdk.internal.reflect.DirectMethodHandleAccessor.invoke(DirectMethodHandleAccessor.java:103)
	at java.base/java.lang.reflect.Method.invoke(Method.java:580)
	at org.openqa.selenium.support.pagefactory.internal.LocatingElementHandler.invoke(LocatingElementHandler.java:51)
	at jdk.proxy2/jdk.proxy2.$Proxy28.sendKeys(Unknown Source)
	at PageObject.PurchaseProduct.enterPinCode(PurchaseProduct.java:111)
	at StepDefination.stepDef.i_enter_as_the_pin_code(stepDef.java:190)
	at ‚úΩ.I enter &quot;üíØ&quot; as the pin code(file:///D:/Automn%20Selenium/CucumberNakyaaProject/src/test/resources/features/purchase.feature:33)

</div> <!-- stack-trace -->
                  <em>
(Runs Cucumber Scenarios)                  </em>
                </div> <!-- method-content -->
              </div> <!-- method -->
              <div class="method">
                <div class="method-content">
                  <a name="runScenario(&quot;Login with valid credentials using DDT&quot;, &quot;Login&quot;)">
                  </a> <!-- runScenario("Login with valid credentials using DDT", "Login") -->
                  <span class="method-name">runScenario</span>
                  <span class="parameters">("Login with valid credentials using DDT","Login")</span>
                  <div class="stack-trace">org.openqa.selenium.WebDriverException: unknown error: ChromeDriver only supports characters in the BMP
  (Session info: chrome=131.0.6778.205)
Build info: version: &apos;4.27.0&apos;, revision: &apos;d6e718d134&apos;
System info: os.name: &apos;Windows 11&apos;, os.arch: &apos;amd64&apos;, os.version: &apos;10.0&apos;, java.version: &apos;23&apos;
Driver info: org.openqa.selenium.chrome.ChromeDriver
Command: [8b2d03184eb673f0cc85d36e083c85ef, sendKeysToElement {value=[Ljava.lang.CharSequence;@4a890fdd, id=f.2CB8188E7C7FED18BB79E0AF39228476.d.D5DAC0527406A8D49669B9BEE8019865.e.105}]
Capabilities {acceptInsecureCerts: false, browserName: chrome, browserVersion: 131.0.6778.205, chrome: {chromedriverVersion: 131.0.6778.204 (52183f9e99a..., userDataDir: C:\Users\prana\AppData\Loca...}, fedcm:accounts: true, goog:chromeOptions: {debuggerAddress: localhost:55101}, networkConnectionEnabled: false, pageLoadStrategy: normal, platformName: windows, proxy: Proxy(), se:cdp: ws://localhost:55101/devtoo..., se:cdpVersion: 131.0.6778.205, setWindowRect: true, strictFileInteractability: false, timeouts: {implicit: 0, pageLoad: 300000, script: 30000}, unhandledPromptBehavior: dismiss and notify, webauthn:extension:credBlob: true, webauthn:extension:largeBlob: true, webauthn:extension:minPinLength: true, webauthn:extension:prf: true, webauthn:virtualAuthenticators: true}
Element: [[ChromeDriver: chrome on windows (8b2d03184eb673f0cc85d36e083c85ef)] -&gt; css selector: [id=&quot;email&quot;]]
Session ID: 8b2d03184eb673f0cc85d36e083c85ef
	at java.base/jdk.internal.reflect.DirectConstructorHandleAccessor.newInstance(DirectConstructorHandleAccessor.java:62)
	at java.base/java.lang.reflect.Constructor.newInstanceWithCaller(Constructor.java:501)
	at java.base/java.lang.reflect.Constructor.newInstance(Constructor.java:485)
	at org.openqa.selenium.remote.ErrorCodec.decode(ErrorCodec.java:167)
	at org.openqa.selenium.remote.codec.w3c.W3CHttpResponseCodec.decode(W3CHttpResponseCodec.java:138)
	at org.openqa.selenium.remote.codec.w3c.W3CHttpResponseCodec.decode(W3CHttpResponseCodec.java:50)
	at org.openqa.selenium.remote.HttpCommandExecutor.execute(HttpCommandExecutor.java:190)
	at org.openqa.selenium.remote.service.DriverCommandExecutor.invokeExecute(DriverCommandExecutor.java:216)
	at org.openqa.selenium.remote.service.DriverCommandExecutor.execute(DriverCommandExecutor.java:174)
	at org.openqa.selenium.remote.RemoteWebDriver.execute(RemoteWebDriver.java:545)
	at org.openqa.selenium.remote.RemoteWebElement.execute(RemoteWebElement.java:223)
	at org.openqa.selenium.remote.RemoteWebElement.sendKeys(RemoteWebElement.java:110)
	at java.base/jdk.internal.reflect.DirectMethodHandleAccessor.invoke(DirectMethodHandleAccessor.java:103)
	at java.base/java.lang.reflect.Method.invoke(Method.java:580)
	at org.openqa.selenium.support.pagefactory.internal.LocatingElementHandler.invoke(LocatingElementHandler.java:51)
	at jdk.proxy2/jdk.proxy2.$Proxy28.sendKeys(Unknown Source)
	at PageObject.Login.enterEmail(Login.java:110)
	at StepDefination.stepDef.i_enter_the_email_address(stepDef.java:91)
	at ‚úΩ.I enter the email address &quot;üíûüíûüíûüòíemail@example.com&quot;(file:///D:/Automn%20Selenium/CucumberNakyaaProject/src/test/resources/features/Login.feature:25)

</div> <!-- stack-trace -->
                  <em>
(Runs Cucumber Scenarios)                  </em>
                </div> <!-- method-content -->
              </div> <!-- method -->
              <div class="method">
                <div class="method-content">
                  <a name="runScenario(&quot;Verify that user can successfully purchase a product&quot;, &quot;User Product Purchase Flow&quot;)">
                  </a> <!-- runScenario("Verify that user can successfully purchase a product", "User Product Purchase Flow") -->
                  <span class="method-name">runScenario</span>
                  <span class="parameters">("Verify that user can successfully purchase a product","User Product Purchase Flow")</span>
                  <div class="stack-trace">org.openqa.selenium.WebDriverException: unknown error: ChromeDriver only supports characters in the BMP
  (Session info: chrome=131.0.6778.205)
Build info: version: &apos;4.27.0&apos;, revision: &apos;d6e718d134&apos;
System info: os.name: &apos;Windows 11&apos;, os.arch: &apos;amd64&apos;, os.version: &apos;10.0&apos;, java.version: &apos;23&apos;
Driver info: org.openqa.selenium.chrome.ChromeDriver
Command: [b0644317b96651b7a7035b0a0cdaf06e, sendKeysToElement {value=[Ljava.lang.CharSequence;@3d42b756, id=f.C94D25AB0EAA1DB62611301DEED27015.d.707913D7D3FF5AB212630EFD4AEA18AA.e.114}]
Capabilities {acceptInsecureCerts: false, browserName: chrome, browserVersion: 131.0.6778.205, chrome: {chromedriverVersion: 131.0.6778.204 (52183f9e99a..., userDataDir: C:\Users\prana\AppData\Loca...}, fedcm:accounts: true, goog:chromeOptions: {debuggerAddress: localhost:55493}, networkConnectionEnabled: false, pageLoadStrategy: normal, platformName: windows, proxy: Proxy(), se:cdp: ws://localhost:55493/devtoo..., se:cdpVersion: 131.0.6778.205, setWindowRect: true, strictFileInteractability: false, timeouts: {implicit: 0, pageLoad: 300000, script: 30000}, unhandledPromptBehavior: dismiss and notify, webauthn:extension:credBlob: true, webauthn:extension:largeBlob: true, webauthn:extension:minPinLength: true, webauthn:extension:prf: true, webauthn:virtualAuthenticators: true}
Element: [[ChromeDriver: chrome on windows (b0644317b96651b7a7035b0a0cdaf06e)] -&gt; css selector: [id=&quot;country&quot;]]
Session ID: b0644317b96651b7a7035b0a0cdaf06e
	at java.base/jdk.internal.reflect.DirectConstructorHandleAccessor.newInstance(DirectConstructorHandleAccessor.java:62)
	at java.base/java.lang.reflect.Constructor.newInstanceWithCaller(Constructor.java:501)
	at java.base/java.lang.reflect.Constructor.newInstance(Constructor.java:485)
	at org.openqa.selenium.remote.ErrorCodec.decode(ErrorCodec.java:167)
	at org.openqa.selenium.remote.codec.w3c.W3CHttpResponseCodec.decode(W3CHttpResponseCodec.java:138)
	at org.openqa.selenium.remote.codec.w3c.W3CHttpResponseCodec.decode(W3CHttpResponseCodec.java:50)
	at org.openqa.selenium.remote.HttpCommandExecutor.execute(HttpCommandExecutor.java:190)
	at org.openqa.selenium.remote.service.DriverCommandExecutor.invokeExecute(DriverCommandExecutor.java:216)
	at org.openqa.selenium.remote.service.DriverCommandExecutor.execute(DriverCommandExecutor.java:174)
	at org.openqa.selenium.remote.RemoteWebDriver.execute(RemoteWebDriver.java:545)
	at org.openqa.selenium.remote.RemoteWebElement.execute(RemoteWebElement.java:223)
	at org.openqa.selenium.remote.RemoteWebElement.sendKeys(RemoteWebElement.java:110)
	at java.base/jdk.internal.reflect.DirectMethodHandleAccessor.invoke(DirectMethodHandleAccessor.java:103)
	at java.base/java.lang.reflect.Method.invoke(Method.java:580)
	at org.openqa.selenium.support.pagefactory.internal.LocatingElementHandler.invoke(LocatingElementHandler.java:51)
	at jdk.proxy2/jdk.proxy2.$Proxy28.sendKeys(Unknown Source)
	at PageObject.PurchaseProduct.enterCountry(PurchaseProduct.java:96)
	at StepDefination.stepDef.i_enter_as_the_country(stepDef.java:175)
	at ‚úΩ.I enter &quot;üá∫üá∏&quot; as the country(file:///D:/Automn%20Selenium/CucumberNakyaaProject/src/test/resources/features/purchase.feature:30)

</div> <!-- stack-trace -->
                  <em>
(Runs Cucumber Scenarios)                  </em>
                </div> <!-- method-content -->
              </div> <!-- method -->
              <div class="method">
                <div class="method-content">
                  <a name="runScenario(&quot;Verify that user can successfully purchase a product&quot;, &quot;User Product Purchase Flow&quot;)">
                  </a> <!-- runScenario("Verify that user can successfully purchase a product", "User Product Purchase Flow") -->
                  <span class="method-name">runScenario</span>
                  <span class="parameters">("Verify that user can successfully purchase a product","User Product Purchase Flow")</span>
                  <div class="stack-trace">org.openqa.selenium.WebDriverException: unknown error: ChromeDriver only supports characters in the BMP
  (Session info: chrome=131.0.6778.205)
Build info: version: &apos;4.27.0&apos;, revision: &apos;d6e718d134&apos;
System info: os.name: &apos;Windows 11&apos;, os.arch: &apos;amd64&apos;, os.version: &apos;10.0&apos;, java.version: &apos;23&apos;
Driver info: org.openqa.selenium.chrome.ChromeDriver
Command: [ae53934c2fc37752b56004398373649e, sendKeysToElement {value=[Ljava.lang.CharSequence;@458704ee, id=f.654545E9BBCD7C5E44EB3A10171D22A4.d.2460E784951E6A0CE38220F29663E01F.e.133}]
Capabilities {acceptInsecureCerts: false, browserName: chrome, browserVersion: 131.0.6778.205, chrome: {chromedriverVersion: 131.0.6778.204 (52183f9e99a..., userDataDir: C:\Users\prana\AppData\Loca...}, fedcm:accounts: true, goog:chromeOptions: {debuggerAddress: localhost:55546}, networkConnectionEnabled: false, pageLoadStrategy: normal, platformName: windows, proxy: Proxy(), se:cdp: ws://localhost:55546/devtoo..., se:cdpVersion: 131.0.6778.205, setWindowRect: true, strictFileInteractability: false, timeouts: {implicit: 0, pageLoad: 300000, script: 30000}, unhandledPromptBehavior: dismiss and notify, webauthn:extension:credBlob: true, webauthn:extension:largeBlob: true, webauthn:extension:minPinLength: true, webauthn:extension:prf: true, webauthn:virtualAuthenticators: true}
Element: [[ChromeDriver: chrome on windows (ae53934c2fc37752b56004398373649e)] -&gt; css selector: [id=&quot;country&quot;]]
Session ID: ae53934c2fc37752b56004398373649e
	at java.base/jdk.internal.reflect.DirectConstructorHandleAccessor.newInstance(DirectConstructorHandleAccessor.java:62)
	at java.base/java.lang.reflect.Constructor.newInstanceWithCaller(Constructor.java:501)
	at java.base/java.lang.reflect.Constructor.newInstance(Constructor.java:485)
	at org.openqa.selenium.remote.ErrorCodec.decode(ErrorCodec.java:167)
	at org.openqa.selenium.remote.codec.w3c.W3CHttpResponseCodec.decode(W3CHttpResponseCodec.java:138)
	at org.openqa.selenium.remote.codec.w3c.W3CHttpResponseCodec.decode(W3CHttpResponseCodec.java:50)
	at org.openqa.selenium.remote.HttpCommandExecutor.execute(HttpCommandExecutor.java:190)
	at org.openqa.selenium.remote.service.DriverCommandExecutor.invokeExecute(DriverCommandExecutor.java:216)
	at org.openqa.selenium.remote.service.DriverCommandExecutor.execute(DriverCommandExecutor.java:174)
	at org.openqa.selenium.remote.RemoteWebDriver.execute(RemoteWebDriver.java:545)
	at org.openqa.selenium.remote.RemoteWebElement.execute(RemoteWebElement.java:223)
	at org.openqa.selenium.remote.RemoteWebElement.sendKeys(RemoteWebElement.java:110)
	at java.base/jdk.internal.reflect.DirectMethodHandleAccessor.invoke(DirectMethodHandleAccessor.java:103)
	at java.base/java.lang.reflect.Method.invoke(Method.java:580)
	at org.openqa.selenium.support.pagefactory.internal.LocatingElementHandler.invoke(LocatingElementHandler.java:51)
	at jdk.proxy2/jdk.proxy2.$Proxy28.sendKeys(Unknown Source)
	at PageObject.PurchaseProduct.enterCountry(PurchaseProduct.java:96)
	at StepDefination.stepDef.i_enter_as_the_country(stepDef.java:175)
	at ‚úΩ.I enter &quot;CANADAüá®üá¶&quot; as the country(file:///D:/Automn%20Selenium/CucumberNakyaaProject/src/test/resources/features/purchase.feature:30)

</div> <!-- stack-trace -->
                  <em>
(Runs Cucumber Scenarios)                  </em>
                </div> <!-- method-content -->
              </div> <!-- method -->
              <div class="method">
                <div class="method-content">
                  <a name="runScenario(&quot;Search for a  product&quot;, &quot;SearchBar&quot;)">
                  </a> <!-- runScenario("Search for a  product", "SearchBar") -->
                  <span class="method-name">runScenario</span>
                  <span class="parameters">("Search for a  product","SearchBar")</span>
                  <div class="stack-trace">java.lang.AssertionError: No products found related to Hairdryer expected [true] but found [false]
	at org.testng.Assert.fail(Assert.java:111)
	at org.testng.Assert.failNotEquals(Assert.java:1578)
	at org.testng.Assert.assertTrue(Assert.java:57)
	at StepDefination.stepDef.i_should_see_a_list_of_products_related_to(stepDef.java:138)
	at ‚úΩ.I should see a list of products related to &quot;Hairdryer&quot;(file:///D:/Automn%20Selenium/CucumberNakyaaProject/src/test/resources/features/Search.feature:8)

</div> <!-- stack-trace -->
                  <em>
(Runs Cucumber Scenarios)                  </em>
                </div> <!-- method-content -->
              </div> <!-- method -->
              <div class="method">
                <div class="method-content">
                  <a name="runScenario(&quot;Login with valid credentials using DDT&quot;, &quot;Login&quot;)">
                  </a> <!-- runScenario("Login with valid credentials using DDT", "Login") -->
                  <span class="method-name">runScenario</span>
                  <span class="parameters">("Login with valid credentials using DDT","Login")</span>
                  <div class="stack-trace">java.lang.ArrayIndexOutOfBoundsException: Index 1 out of bounds for length 1
	at PageObject.Login.retrieveOTP(Login.java:85)
	at StepDefination.stepDef.i_enter_the_retrieved_otp_into_the_otp_field(stepDef.java:78)
	at ‚úΩ.I enter the retrieved OTP into the OTP field(file:///D:/Automn%20Selenium/CucumberNakyaaProject/src/test/resources/features/Login.feature:23)

</div> <!-- stack-trace -->
                  <em>
(Runs Cucumber Scenarios)                  </em>
                </div> <!-- method-content -->
              </div> <!-- method -->
              <div class="method">
                <div class="method-content">
                  <a name="runScenario(&quot;Verify that user can successfully purchase a product&quot;, &quot;User Product Purchase Flow&quot;)">
                  </a> <!-- runScenario("Verify that user can successfully purchase a product", "User Product Purchase Flow") -->
                  <span class="method-name">runScenario</span>
                  <span class="parameters">("Verify that user can successfully purchase a product","User Product Purchase Flow")</span>
                  <div class="stack-trace">org.openqa.selenium.WebDriverException: unknown error: ChromeDriver only supports characters in the BMP
  (Session info: chrome=131.0.6778.205)
Build info: version: &apos;4.27.0&apos;, revision: &apos;d6e718d134&apos;
System info: os.name: &apos;Windows 11&apos;, os.arch: &apos;amd64&apos;, os.version: &apos;10.0&apos;, java.version: &apos;23&apos;
Driver info: org.openqa.selenium.chrome.ChromeDriver
Command: [77ef69e952ae5d381c01fec042ea3231, sendKeysToElement {value=[Ljava.lang.CharSequence;@16ecdb6d, id=f.955EA5965180E05A8DEAA9D5DA096722.d.AA6BC5A20DFA1F0E387C5121ABF82ADA.e.149}]
Capabilities {acceptInsecureCerts: false, browserName: chrome, browserVersion: 131.0.6778.205, chrome: {chromedriverVersion: 131.0.6778.204 (52183f9e99a..., userDataDir: C:\Users\prana\AppData\Loca...}, fedcm:accounts: true, goog:chromeOptions: {debuggerAddress: localhost:55949}, networkConnectionEnabled: false, pageLoadStrategy: normal, platformName: windows, proxy: Proxy(), se:cdp: ws://localhost:55949/devtoo..., se:cdpVersion: 131.0.6778.205, setWindowRect: true, strictFileInteractability: false, timeouts: {implicit: 0, pageLoad: 300000, script: 30000}, unhandledPromptBehavior: dismiss and notify, webauthn:extension:credBlob: true, webauthn:extension:largeBlob: true, webauthn:extension:minPinLength: true, webauthn:extension:prf: true, webauthn:virtualAuthenticators: true}
Element: [[ChromeDriver: chrome on windows (77ef69e952ae5d381c01fec042ea3231)] -&gt; css selector: [id=&quot;phone&quot;]]
Session ID: 77ef69e952ae5d381c01fec042ea3231
	at java.base/jdk.internal.reflect.DirectConstructorHandleAccessor.newInstance(DirectConstructorHandleAccessor.java:62)
	at java.base/java.lang.reflect.Constructor.newInstanceWithCaller(Constructor.java:501)
	at java.base/java.lang.reflect.Constructor.newInstance(Constructor.java:485)
	at org.openqa.selenium.remote.ErrorCodec.decode(ErrorCodec.java:167)
	at org.openqa.selenium.remote.codec.w3c.W3CHttpResponseCodec.decode(W3CHttpResponseCodec.java:138)
	at org.openqa.selenium.remote.codec.w3c.W3CHttpResponseCodec.decode(W3CHttpResponseCodec.java:50)
	at org.openqa.selenium.remote.HttpCommandExecutor.execute(HttpCommandExecutor.java:190)
	at org.openqa.selenium.remote.service.DriverCommandExecutor.invokeExecute(DriverCommandExecutor.java:216)
	at org.openqa.selenium.remote.service.DriverCommandExecutor.execute(DriverCommandExecutor.java:174)
	at org.openqa.selenium.remote.RemoteWebDriver.execute(RemoteWebDriver.java:545)
	at org.openqa.selenium.remote.RemoteWebElement.execute(RemoteWebElement.java:223)
	at org.openqa.selenium.remote.RemoteWebElement.sendKeys(RemoteWebElement.java:110)
	at java.base/jdk.internal.reflect.DirectMethodHandleAccessor.invoke(DirectMethodHandleAccessor.java:103)
	at java.base/java.lang.reflect.Method.invoke(Method.java:580)
	at org.openqa.selenium.support.pagefactory.internal.LocatingElementHandler.invoke(LocatingElementHandler.java:51)
	at jdk.proxy2/jdk.proxy2.$Proxy28.sendKeys(Unknown Source)
	at PageObject.PurchaseProduct.enterPhoneNumber(PurchaseProduct.java:106)
	at StepDefination.stepDef.i_enter_as_the_phone_number(stepDef.java:185)
	at ‚úΩ.I enter &quot;ü§îü§îü§îü§î&quot; as the phone number(file:///D:/Automn%20Selenium/CucumberNakyaaProject/src/test/resources/features/purchase.feature:32)

</div> <!-- stack-trace -->
                  <em>
(Runs Cucumber Scenarios)                  </em>
                </div> <!-- method-content -->
              </div> <!-- method -->
              <div class="method">
                <div class="method-content">
                  <a name="runScenario(&quot;Verify that user can successfully purchase a product&quot;, &quot;User Product Purchase Flow&quot;)">
                  </a> <!-- runScenario("Verify that user can successfully purchase a product", "User Product Purchase Flow") -->
                  <span class="method-name">runScenario</span>
                  <span class="parameters">("Verify that user can successfully purchase a product","User Product Purchase Flow")</span>
                  <div class="stack-trace">org.openqa.selenium.WebDriverException: unknown error: ChromeDriver only supports characters in the BMP
  (Session info: chrome=131.0.6778.205)
Build info: version: &apos;4.27.0&apos;, revision: &apos;d6e718d134&apos;
System info: os.name: &apos;Windows 11&apos;, os.arch: &apos;amd64&apos;, os.version: &apos;10.0&apos;, java.version: &apos;23&apos;
Driver info: org.openqa.selenium.chrome.ChromeDriver
Command: [8a00da3c6c9d2390caead7a757ea9937, sendKeysToElement {value=[Ljava.lang.CharSequence;@7e7ee3b7, id=f.C356BBEE92403932AA836F2439EEA27D.d.D7D98A914EE7FF02C0090366E3BBF2AC.e.142}]
Capabilities {acceptInsecureCerts: false, browserName: chrome, browserVersion: 131.0.6778.205, chrome: {chromedriverVersion: 131.0.6778.204 (52183f9e99a..., userDataDir: C:\Users\prana\AppData\Loca...}, fedcm:accounts: true, goog:chromeOptions: {debuggerAddress: localhost:56001}, networkConnectionEnabled: false, pageLoadStrategy: normal, platformName: windows, proxy: Proxy(), se:cdp: ws://localhost:56001/devtoo..., se:cdpVersion: 131.0.6778.205, setWindowRect: true, strictFileInteractability: false, timeouts: {implicit: 0, pageLoad: 300000, script: 30000}, unhandledPromptBehavior: dismiss and notify, webauthn:extension:credBlob: true, webauthn:extension:largeBlob: true, webauthn:extension:minPinLength: true, webauthn:extension:prf: true, webauthn:virtualAuthenticators: true}
Element: [[ChromeDriver: chrome on windows (8a00da3c6c9d2390caead7a757ea9937)] -&gt; css selector: [id=&quot;name&quot;]]
Session ID: 8a00da3c6c9d2390caead7a757ea9937
	at java.base/jdk.internal.reflect.DirectConstructorHandleAccessor.newInstance(DirectConstructorHandleAccessor.java:62)
	at java.base/java.lang.reflect.Constructor.newInstanceWithCaller(Constructor.java:501)
	at java.base/java.lang.reflect.Constructor.newInstance(Constructor.java:485)
	at org.openqa.selenium.remote.ErrorCodec.decode(ErrorCodec.java:167)
	at org.openqa.selenium.remote.codec.w3c.W3CHttpResponseCodec.decode(W3CHttpResponseCodec.java:138)
	at org.openqa.selenium.remote.codec.w3c.W3CHttpResponseCodec.decode(W3CHttpResponseCodec.java:50)
	at org.openqa.selenium.remote.HttpCommandExecutor.execute(HttpCommandExecutor.java:190)
	at org.openqa.selenium.remote.service.DriverCommandExecutor.invokeExecute(DriverCommandExecutor.java:216)
	at org.openqa.selenium.remote.service.DriverCommandExecutor.execute(DriverCommandExecutor.java:174)
	at org.openqa.selenium.remote.RemoteWebDriver.execute(RemoteWebDriver.java:545)
	at org.openqa.selenium.remote.RemoteWebElement.execute(RemoteWebElement.java:223)
	at org.openqa.selenium.remote.RemoteWebElement.sendKeys(RemoteWebElement.java:110)
	at java.base/jdk.internal.reflect.DirectMethodHandleAccessor.invoke(DirectMethodHandleAccessor.java:103)
	at java.base/java.lang.reflect.Method.invoke(Method.java:580)
	at org.openqa.selenium.support.pagefactory.internal.LocatingElementHandler.invoke(LocatingElementHandler.java:51)
	at jdk.proxy2/jdk.proxy2.$Proxy28.sendKeys(Unknown Source)
	at PageObject.PurchaseProduct.enterName(PurchaseProduct.java:101)
	at StepDefination.stepDef.i_enter_as_the_name(stepDef.java:180)
	at ‚úΩ.I enter &quot;üí°üí°üí°üí°&quot; as the name(file:///D:/Automn%20Selenium/CucumberNakyaaProject/src/test/resources/features/purchase.feature:31)

</div> <!-- stack-trace -->
                  <em>
(Runs Cucumber Scenarios)                  </em>
                </div> <!-- method-content -->
              </div> <!-- method -->
              <div class="method">
                <div class="method-content">
                  <a name="runScenario(&quot;Verify that user can successfully purchase a product&quot;, &quot;User Product Purchase Flow&quot;)">
                  </a> <!-- runScenario("Verify that user can successfully purchase a product", "User Product Purchase Flow") -->
                  <span class="method-name">runScenario</span>
                  <span class="parameters">("Verify that user can successfully purchase a product","User Product Purchase Flow")</span>
                  <div class="stack-trace">org.openqa.selenium.WebDriverException: unknown error: ChromeDriver only supports characters in the BMP
  (Session info: chrome=131.0.6778.205)
Build info: version: &apos;4.27.0&apos;, revision: &apos;d6e718d134&apos;
System info: os.name: &apos;Windows 11&apos;, os.arch: &apos;amd64&apos;, os.version: &apos;10.0&apos;, java.version: &apos;23&apos;
Driver info: org.openqa.selenium.chrome.ChromeDriver
Command: [cdab561ad9b20a83e73987b15e1669ab, sendKeysToElement {value=[Ljava.lang.CharSequence;@5263f554, id=f.FDE4EBFABBC518BAD776AF89914C1243.d.585721A87DF0B1D3A7FEBBD20DAD918C.e.136}]
Capabilities {acceptInsecureCerts: false, browserName: chrome, browserVersion: 131.0.6778.205, chrome: {chromedriverVersion: 131.0.6778.204 (52183f9e99a..., userDataDir: C:\Users\prana\AppData\Loca...}, fedcm:accounts: true, goog:chromeOptions: {debuggerAddress: localhost:55695}, networkConnectionEnabled: false, pageLoadStrategy: normal, platformName: windows, proxy: Proxy(), se:cdp: ws://localhost:55695/devtoo..., se:cdpVersion: 131.0.6778.205, setWindowRect: true, strictFileInteractability: false, timeouts: {implicit: 0, pageLoad: 300000, script: 30000}, unhandledPromptBehavior: dismiss and notify, webauthn:extension:credBlob: true, webauthn:extension:largeBlob: true, webauthn:extension:minPinLength: true, webauthn:extension:prf: true, webauthn:virtualAuthenticators: true}
Element: [[ChromeDriver: chrome on windows (cdab561ad9b20a83e73987b15e1669ab)] -&gt; css selector: [id=&quot;name&quot;]]
Session ID: cdab561ad9b20a83e73987b15e1669ab
	at java.base/jdk.internal.reflect.DirectConstructorHandleAccessor.newInstance(DirectConstructorHandleAccessor.java:62)
	at java.base/java.lang.reflect.Constructor.newInstanceWithCaller(Constructor.java:501)
	at java.base/java.lang.reflect.Constructor.newInstance(Constructor.java:485)
	at org.openqa.selenium.remote.ErrorCodec.decode(ErrorCodec.java:167)
	at org.openqa.selenium.remote.codec.w3c.W3CHttpResponseCodec.decode(W3CHttpResponseCodec.java:138)
	at org.openqa.selenium.remote.codec.w3c.W3CHttpResponseCodec.decode(W3CHttpResponseCodec.java:50)
	at org.openqa.selenium.remote.HttpCommandExecutor.execute(HttpCommandExecutor.java:190)
	at org.openqa.selenium.remote.service.DriverCommandExecutor.invokeExecute(DriverCommandExecutor.java:216)
	at org.openqa.selenium.remote.service.DriverCommandExecutor.execute(DriverCommandExecutor.java:174)
	at org.openqa.selenium.remote.RemoteWebDriver.execute(RemoteWebDriver.java:545)
	at org.openqa.selenium.remote.RemoteWebElement.execute(RemoteWebElement.java:223)
	at org.openqa.selenium.remote.RemoteWebElement.sendKeys(RemoteWebElement.java:110)
	at java.base/jdk.internal.reflect.DirectMethodHandleAccessor.invoke(DirectMethodHandleAccessor.java:103)
	at java.base/java.lang.reflect.Method.invoke(Method.java:580)
	at org.openqa.selenium.support.pagefactory.internal.LocatingElementHandler.invoke(LocatingElementHandler.java:51)
	at jdk.proxy2/jdk.proxy2.$Proxy28.sendKeys(Unknown Source)
	at PageObject.PurchaseProduct.enterName(PurchaseProduct.java:101)
	at StepDefination.stepDef.i_enter_as_the_name(stepDef.java:180)
	at ‚úΩ.I enter &quot;Liamü¶òMiller&quot; as the name(file:///D:/Automn%20Selenium/CucumberNakyaaProject/src/test/resources/features/purchase.feature:31)

</div> <!-- stack-trace -->
                  <em>
(Runs Cucumber Scenarios)                  </em>
                </div> <!-- method-content -->
              </div> <!-- method -->
              <div class="method">
                <div class="method-content">
                  <a name="runScenario(&quot;Verify that user can successfully purchase a product&quot;, &quot;User Product Purchase Flow&quot;)">
                  </a> <!-- runScenario("Verify that user can successfully purchase a product", "User Product Purchase Flow") -->
                  <span class="method-name">runScenario</span>
                  <span class="parameters">("Verify that user can successfully purchase a product","User Product Purchase Flow")</span>
                  <div class="stack-trace">org.openqa.selenium.WebDriverException: unknown error: ChromeDriver only supports characters in the BMP
  (Session info: chrome=131.0.6778.205)
Build info: version: &apos;4.27.0&apos;, revision: &apos;d6e718d134&apos;
System info: os.name: &apos;Windows 11&apos;, os.arch: &apos;amd64&apos;, os.version: &apos;10.0&apos;, java.version: &apos;23&apos;
Driver info: org.openqa.selenium.chrome.ChromeDriver
Command: [b825aff2a3c5f8dc6d29a116439478aa, sendKeysToElement {value=[Ljava.lang.CharSequence;@3b863b4, id=f.845C8184FA239529B79610CC013DE8A9.d.066817890402FBFA4FB4AB4820953206.e.133}]
Capabilities {acceptInsecureCerts: false, browserName: chrome, browserVersion: 131.0.6778.205, chrome: {chromedriverVersion: 131.0.6778.204 (52183f9e99a..., userDataDir: C:\Users\prana\AppData\Loca...}, fedcm:accounts: true, goog:chromeOptions: {debuggerAddress: localhost:55855}, networkConnectionEnabled: false, pageLoadStrategy: normal, platformName: windows, proxy: Proxy(), se:cdp: ws://localhost:55855/devtoo..., se:cdpVersion: 131.0.6778.205, setWindowRect: true, strictFileInteractability: false, timeouts: {implicit: 0, pageLoad: 300000, script: 30000}, unhandledPromptBehavior: dismiss and notify, webauthn:extension:credBlob: true, webauthn:extension:largeBlob: true, webauthn:extension:minPinLength: true, webauthn:extension:prf: true, webauthn:virtualAuthenticators: true}
Element: [[ChromeDriver: chrome on windows (b825aff2a3c5f8dc6d29a116439478aa)] -&gt; css selector: [id=&quot;country&quot;]]
Session ID: b825aff2a3c5f8dc6d29a116439478aa
	at java.base/jdk.internal.reflect.DirectConstructorHandleAccessor.newInstance(DirectConstructorHandleAccessor.java:62)
	at java.base/java.lang.reflect.Constructor.newInstanceWithCaller(Constructor.java:501)
	at java.base/java.lang.reflect.Constructor.newInstance(Constructor.java:485)
	at org.openqa.selenium.remote.ErrorCodec.decode(ErrorCodec.java:167)
	at org.openqa.selenium.remote.codec.w3c.W3CHttpResponseCodec.decode(W3CHttpResponseCodec.java:138)
	at org.openqa.selenium.remote.codec.w3c.W3CHttpResponseCodec.decode(W3CHttpResponseCodec.java:50)
	at org.openqa.selenium.remote.HttpCommandExecutor.execute(HttpCommandExecutor.java:190)
	at org.openqa.selenium.remote.service.DriverCommandExecutor.invokeExecute(DriverCommandExecutor.java:216)
	at org.openqa.selenium.remote.service.DriverCommandExecutor.execute(DriverCommandExecutor.java:174)
	at org.openqa.selenium.remote.RemoteWebDriver.execute(RemoteWebDriver.java:545)
	at org.openqa.selenium.remote.RemoteWebElement.execute(RemoteWebElement.java:223)
	at org.openqa.selenium.remote.RemoteWebElement.sendKeys(RemoteWebElement.java:110)
	at java.base/jdk.internal.reflect.DirectMethodHandleAccessor.invoke(DirectMethodHandleAccessor.java:103)
	at java.base/java.lang.reflect.Method.invoke(Method.java:580)
	at org.openqa.selenium.support.pagefactory.internal.LocatingElementHandler.invoke(LocatingElementHandler.java:51)
	at jdk.proxy2/jdk.proxy2.$Proxy28.sendKeys(Unknown Source)
	at PageObject.PurchaseProduct.enterCountry(PurchaseProduct.java:96)
	at StepDefination.stepDef.i_enter_as_the_country(stepDef.java:175)
	at ‚úΩ.I enter &quot;üá≤üáΩ&quot; as the country(file:///D:/Automn%20Selenium/CucumberNakyaaProject/src/test/resources/features/purchase.feature:30)

</div> <!-- stack-trace -->
                  <em>
(Runs Cucumber Scenarios)                  </em>
                </div> <!-- method-content -->
              </div> <!-- method -->
            </div> <!-- main-panel-content rounded-window-bottom -->
          </div> <!-- suite-Default_suite-class-failed -->
          <div class="suite-Default_suite-class-passed">
            <div class="main-panel-header rounded-window-top">
              <img src="passed.png"/>
              <span class="class-name">TestRunner.Runner</span>
            </div> <!-- main-panel-header rounded-window-top -->
            <div class="main-panel-content rounded-window-bottom">
              <div class="method">
                <div class="method-content">
                  <a name="runScenario(&quot;Login with valid credentials using DDT&quot;, &quot;Login&quot;)">
                  </a> <!-- runScenario("Login with valid credentials using DDT", "Login") -->
                  <span class="method-name">runScenario</span>
                  <span class="parameters">("Login with valid credentials using DDT","Login")</span>
                  <em>
(Runs Cucumber Scenarios)                  </em>
                </div> <!-- method-content -->
              </div> <!-- method -->
              <div class="method">
                <div class="method-content">
                  <a name="runScenario(&quot;Verify that user can successfully purchase a product&quot;, &quot;User Product Purchase Flow&quot;)">
                  </a> <!-- runScenario("Verify that user can successfully purchase a product", "User Product Purchase Flow") -->
                  <span class="method-name">runScenario</span>
                  <span class="parameters">("Verify that user can successfully purchase a product","User Product Purchase Flow")</span>
                  <em>
(Runs Cucumber Scenarios)                  </em>
                </div> <!-- method-content -->
              </div> <!-- method -->
              <div class="method">
                <div class="method-content">
                  <a name="runScenario(&quot;Login with valid credentials using DDT&quot;, &quot;Login&quot;)">
                  </a> <!-- runScenario("Login with valid credentials using DDT", "Login") -->
                  <span class="method-name">runScenario</span>
                  <span class="parameters">("Login with valid credentials using DDT","Login")</span>
                  <em>
(Runs Cucumber Scenarios)                  </em>
                </div> <!-- method-content -->
              </div> <!-- method -->
              <div class="method">
                <div class="method-content">
                  <a name="runScenario(&quot;Verify that user can successfully purchase a product&quot;, &quot;User Product Purchase Flow&quot;)">
                  </a> <!-- runScenario("Verify that user can successfully purchase a product", "User Product Purchase Flow") -->
                  <span class="method-name">runScenario</span>
                  <span class="parameters">("Verify that user can successfully purchase a product","User Product Purchase Flow")</span>
                  <em>
(Runs Cucumber Scenarios)                  </em>
                </div> <!-- method-content -->
              </div> <!-- method -->
              <div class="method">
                <div class="method-content">
                  <a name="runScenario(&quot;Verify that user can successfully purchase a product&quot;, &quot;User Product Purchase Flow&quot;)">
                  </a> <!-- runScenario("Verify that user can successfully purchase a product", "User Product Purchase Flow") -->
                  <span class="method-name">runScenario</span>
                  <span class="parameters">("Verify that user can successfully purchase a product","User Product Purchase Flow")</span>
                  <em>
(Runs Cucumber Scenarios)                  </em>
                </div> <!-- method-content -->
              </div> <!-- method -->
              <div class="method">
                <div class="method-content">
                  <a name="runScenario(&quot;Verify that user can successfully purchase a product&quot;, &quot;User Product Purchase Flow&quot;)">
                  </a> <!-- runScenario("Verify that user can successfully purchase a product", "User Product Purchase Flow") -->
                  <span class="method-name">runScenario</span>
                  <span class="parameters">("Verify that user can successfully purchase a product","User Product Purchase Flow")</span>
                  <em>
(Runs Cucumber Scenarios)                  </em>
                </div> <!-- method-content -->
              </div> <!-- method -->
              <div class="method">
                <div class="method-content">
                  <a name="runScenario(&quot;Verify that user can successfully purchase a product&quot;, &quot;User Product Purchase Flow&quot;)">
                  </a> <!-- runScenario("Verify that user can successfully purchase a product", "User Product Purchase Flow") -->
                  <span class="method-name">runScenario</span>
                  <span class="parameters">("Verify that user can successfully purchase a product","User Product Purchase Flow")</span>
                  <em>
(Runs Cucumber Scenarios)                  </em>
                </div> <!-- method-content -->
              </div> <!-- method -->
              <div class="method">
                <div class="method-content">
                  <a name="runScenario(&quot;Verify that user can successfully purchase a product&quot;, &quot;User Product Purchase Flow&quot;)">
                  </a> <!-- runScenario("Verify that user can successfully purchase a product", "User Product Purchase Flow") -->
                  <span class="method-name">runScenario</span>
                  <span class="parameters">("Verify that user can successfully purchase a product","User Product Purchase Flow")</span>
                  <em>
(Runs Cucumber Scenarios)                  </em>
                </div> <!-- method-content -->
              </div> <!-- method -->
              <div class="method">
                <div class="method-content">
                  <a name="runScenario(&quot;Login with valid credentials using DDT&quot;, &quot;Login&quot;)">
                  </a> <!-- runScenario("Login with valid credentials using DDT", "Login") -->
                  <span class="method-name">runScenario</span>
                  <span class="parameters">("Login with valid credentials using DDT","Login")</span>
                  <em>
(Runs Cucumber Scenarios)                  </em>
                </div> <!-- method-content -->
              </div> <!-- method -->
              <div class="method">
                <div class="method-content">
                  <a name="runScenario(&quot;Verify that user can successfully purchase a product&quot;, &quot;User Product Purchase Flow&quot;)">
                  </a> <!-- runScenario("Verify that user can successfully purchase a product", "User Product Purchase Flow") -->
                  <span class="method-name">runScenario</span>
                  <span class="parameters">("Verify that user can successfully purchase a product","User Product Purchase Flow")</span>
                  <em>
(Runs Cucumber Scenarios)                  </em>
                </div> <!-- method-content -->
              </div> <!-- method -->
              <div class="method">
                <div class="method-content">
                  <a name="runScenario(&quot;Verify that user can successfully purchase a product&quot;, &quot;User Product Purchase Flow&quot;)">
                  </a> <!-- runScenario("Verify that user can successfully purchase a product", "User Product Purchase Flow") -->
                  <span class="method-name">runScenario</span>
                  <span class="parameters">("Verify that user can successfully purchase a product","User Product Purchase Flow")</span>
                  <em>
(Runs Cucumber Scenarios)                  </em>
                </div> <!-- method-content -->
              </div> <!-- method -->
              <div class="method">
                <div class="method-content">
                  <a name="runScenario(&quot;Verify that user can successfully purchase a product&quot;, &quot;User Product Purchase Flow&quot;)">
                  </a> <!-- runScenario("Verify that user can successfully purchase a product", "User Product Purchase Flow") -->
                  <span class="method-name">runScenario</span>
                  <span class="parameters">("Verify that user can successfully purchase a product","User Product Purchase Flow")</span>
                  <em>
(Runs Cucumber Scenarios)                  </em>
                </div> <!-- method-content -->
              </div> <!-- method -->
              <div class="method">
                <div class="method-content">
                  <a name="runScenario(&quot;Login with valid credentials using DDT&quot;, &quot;Login&quot;)">
                  </a> <!-- runScenario("Login with valid credentials using DDT", "Login") -->
                  <span class="method-name">runScenario</span>
                  <span class="parameters">("Login with valid credentials using DDT","Login")</span>
                  <em>
(Runs Cucumber Scenarios)                  </em>
                </div> <!-- method-content -->
              </div> <!-- method -->
              <div class="method">
                <div class="method-content">
                  <a name="runScenario(&quot;Login with valid credentials using DDT&quot;, &quot;Login&quot;)">
                  </a> <!-- runScenario("Login with valid credentials using DDT", "Login") -->
                  <span class="method-name">runScenario</span>
                  <span class="parameters">("Login with valid credentials using DDT","Login")</span>
                  <em>
(Runs Cucumber Scenarios)                  </em>
                </div> <!-- method-content -->
              </div> <!-- method -->
            </div> <!-- main-panel-content rounded-window-bottom -->
          </div> <!-- suite-Default_suite-class-passed -->
        </div> <!-- panel Default_suite -->
        <div panel-name="test-xml-Default_suite" class="panel">
          <div class="main-panel-header rounded-window-top">
            <span class="header-content">C:\Users\prana\AppData\Local\Temp\testng-eclipse-1370074263\testng-customsuite.xml</span>
          </div> <!-- main-panel-header rounded-window-top -->
          <div class="main-panel-content rounded-window-bottom">
            <pre>
&lt;?xml version=&quot;1.0&quot; encoding=&quot;UTF-8&quot;?&gt;
&lt;!DOCTYPE suite SYSTEM &quot;https://testng.org/testng-1.0.dtd&quot;&gt;
&lt;suite name=&quot;Default suite&quot; guice-stage=&quot;DEVELOPMENT&quot;&gt;
  &lt;test thread-count=&quot;5&quot; name=&quot;Default test&quot; verbose=&quot;2&quot;&gt;
    &lt;classes&gt;
      &lt;class name=&quot;TestRunner.Runner&quot;/&gt;
    &lt;/classes&gt;
  &lt;/test&gt; &lt;!-- Default test --&gt;
&lt;/suite&gt; &lt;!-- Default suite --&gt;
            </pre>
          </div> <!-- main-panel-content rounded-window-bottom -->
        </div> <!-- panel -->
        <div panel-name="testlist-Default_suite" class="panel">
          <div class="main-panel-header rounded-window-top">
            <span class="header-content">Tests for Default suite</span>
          </div> <!-- main-panel-header rounded-window-top -->
          <div class="main-panel-content rounded-window-bottom">
            <ul>
              <li>
                <span class="test-name">Default test (1 class)</span>
              </li>
            </ul>
          </div> <!-- main-panel-content rounded-window-bottom -->
        </div> <!-- panel -->
        <div panel-name="group-Default_suite" class="panel">
          <div class="main-panel-header rounded-window-top">
            <span class="header-content">Groups for Default suite</span>
          </div> <!-- main-panel-header rounded-window-top -->
          <div class="main-panel-content rounded-window-bottom">
            <div class="test-group">
              <span class="test-group-name">cucumber</span>
              <br/>
              <div class="method-in-group">
                <span class="method-in-group-name">runScenario</span>
                <br/>
              </div> <!-- method-in-group -->
            </div> <!-- test-group -->
          </div> <!-- main-panel-content rounded-window-bottom -->
        </div> <!-- panel -->
        <div panel-name="times-Default_suite" class="panel">
          <div class="main-panel-header rounded-window-top">
            <span class="header-content">Times for Default suite</span>
          </div> <!-- main-panel-header rounded-window-top -->
          <div class="main-panel-content rounded-window-bottom">
            <div class="times-div">
              <script type="text/javascript">
suiteTableInitFunctions.push('tableData_Default_suite');
function tableData_Default_suite() {
var data = new google.visualization.DataTable();
data.addColumn('number', 'Number');
data.addColumn('string', 'Method');
data.addColumn('string', 'Class');
data.addColumn('number', 'Time (ms)');
data.addRows(26);
data.setCell(0, 0, 0)
data.setCell(0, 1, 'runScenario')
data.setCell(0, 2, 'TestRunner.Runner')
data.setCell(0, 3, 9256);
data.setCell(1, 0, 1)
data.setCell(1, 1, 'runScenario')
data.setCell(1, 2, 'TestRunner.Runner')
data.setCell(1, 3, 8696);
data.setCell(2, 0, 2)
data.setCell(2, 1, 'runScenario')
data.setCell(2, 2, 'TestRunner.Runner')
data.setCell(2, 3, 8262);
data.setCell(3, 0, 3)
data.setCell(3, 1, 'runScenario')
data.setCell(3, 2, 'TestRunner.Runner')
data.setCell(3, 3, 8252);
data.setCell(4, 0, 4)
data.setCell(4, 1, 'runScenario')
data.setCell(4, 2, 'TestRunner.Runner')
data.setCell(4, 3, 7749);
data.setCell(5, 0, 5)
data.setCell(5, 1, 'runScenario')
data.setCell(5, 2, 'TestRunner.Runner')
data.setCell(5, 3, 7462);
data.setCell(6, 0, 6)
data.setCell(6, 1, 'runScenario')
data.setCell(6, 2, 'TestRunner.Runner')
data.setCell(6, 3, 7320);
data.setCell(7, 0, 7)
data.setCell(7, 1, 'runScenario')
data.setCell(7, 2, 'TestRunner.Runner')
data.setCell(7, 3, 6806);
data.setCell(8, 0, 8)
data.setCell(8, 1, 'runScenario')
data.setCell(8, 2, 'TestRunner.Runner')
data.setCell(8, 3, 6430);
data.setCell(9, 0, 9)
data.setCell(9, 1, 'runScenario')
data.setCell(9, 2, 'TestRunner.Runner')
data.setCell(9, 3, 6370);
data.setCell(10, 0, 10)
data.setCell(10, 1, 'runScenario')
data.setCell(10, 2, 'TestRunner.Runner')
data.setCell(10, 3, 6268);
data.setCell(11, 0, 11)
data.setCell(11, 1, 'runScenario')
data.setCell(11, 2, 'TestRunner.Runner')
data.setCell(11, 3, 6158);
data.setCell(12, 0, 12)
data.setCell(12, 1, 'runScenario')
data.setCell(12, 2, 'TestRunner.Runner')
data.setCell(12, 3, 6117);
data.setCell(13, 0, 13)
data.setCell(13, 1, 'runScenario')
data.setCell(13, 2, 'TestRunner.Runner')
data.setCell(13, 3, 6081);
data.setCell(14, 0, 14)
data.setCell(14, 1, 'runScenario')
data.setCell(14, 2, 'TestRunner.Runner')
data.setCell(14, 3, 5921);
data.setCell(15, 0, 15)
data.setCell(15, 1, 'runScenario')
data.setCell(15, 2, 'TestRunner.Runner')
data.setCell(15, 3, 5549);
data.setCell(16, 0, 16)
data.setCell(16, 1, 'runScenario')
data.setCell(16, 2, 'TestRunner.Runner')
data.setCell(16, 3, 5484);
data.setCell(17, 0, 17)
data.setCell(17, 1, 'runScenario')
data.setCell(17, 2, 'TestRunner.Runner')
data.setCell(17, 3, 5336);
data.setCell(18, 0, 18)
data.setCell(18, 1, 'runScenario')
data.setCell(18, 2, 'TestRunner.Runner')
data.setCell(18, 3, 5206);
data.setCell(19, 0, 19)
data.setCell(19, 1, 'runScenario')
data.setCell(19, 2, 'TestRunner.Runner')
data.setCell(19, 3, 5188);
data.setCell(20, 0, 20)
data.setCell(20, 1, 'runScenario')
data.setCell(20, 2, 'TestRunner.Runner')
data.setCell(20, 3, 5181);
data.setCell(21, 0, 21)
data.setCell(21, 1, 'runScenario')
data.setCell(21, 2, 'TestRunner.Runner')
data.setCell(21, 3, 5106);
data.setCell(22, 0, 22)
data.setCell(22, 1, 'runScenario')
data.setCell(22, 2, 'TestRunner.Runner')
data.setCell(22, 3, 5041);
data.setCell(23, 0, 23)
data.setCell(23, 1, 'runScenario')
data.setCell(23, 2, 'TestRunner.Runner')
data.setCell(23, 3, 4898);
data.setCell(24, 0, 24)
data.setCell(24, 1, 'runScenario')
data.setCell(24, 2, 'TestRunner.Runner')
data.setCell(24, 3, 4747);
data.setCell(25, 0, 25)
data.setCell(25, 1, 'runScenario')
data.setCell(25, 2, 'TestRunner.Runner')
data.setCell(25, 3, 4032);
window.suiteTableData['Default_suite']= { tableData: data, tableDiv: 'times-div-Default_suite'}
return data;
}
              </script>
              <span class="suite-total-time">Total running time: 2 minutes</span>
              <div id="times-div-Default_suite">
              </div> <!-- times-div-Default_suite -->
            </div> <!-- times-div -->
          </div> <!-- main-panel-content rounded-window-bottom -->
        </div> <!-- panel -->
        <div panel-name="reporter-Default_suite" class="panel">
          <div class="main-panel-header rounded-window-top">
            <span class="header-content">Reporter output for Default suite</span>
          </div> <!-- main-panel-header rounded-window-top -->
          <div class="main-panel-content rounded-window-bottom">
          </div> <!-- main-panel-content rounded-window-bottom -->
        </div> <!-- panel -->
        <div panel-name="ignored-methods-Default_suite" class="panel">
          <div class="main-panel-header rounded-window-top">
            <span class="header-content">0 ignored methods</span>
          </div> <!-- main-panel-header rounded-window-top -->
          <div class="main-panel-content rounded-window-bottom">
          </div> <!-- main-panel-content rounded-window-bottom -->
        </div> <!-- panel -->
        <div panel-name="chronological-Default_suite" class="panel">
          <div class="main-panel-header rounded-window-top">
            <span class="header-content">Methods in chronological order</span>
          </div> <!-- main-panel-header rounded-window-top -->
          <div class="main-panel-content rounded-window-bottom">
            <div class="chronological-class">
              <div class="chronological-class-name">TestRunner.Runner</div> <!-- chronological-class-name -->
              <div class="configuration-class before">
                <span class="method-name">setUpClass(org.testng.TestRunner@75375bb0)</span>
                <span class="method-start">0 ms</span>
              </div> <!-- configuration-class before -->
              <div class="test-method">
                <span class="method-name">runScenario("Login with valid credentials using DDT", "Login")</span>
                <span class="method-start">922 ms</span>
              </div> <!-- test-method -->
              <div class="test-method">
                <span class="method-name">runScenario("Login with valid credentials using DDT", "Login")</span>
                <span class="method-start">10178 ms</span>
              </div> <!-- test-method -->
              <div class="test-method">
                <img src="failed.png">
                </img>
                <span class="method-name">runScenario("Login with valid credentials using DDT", "Login")</span>
                <span class="method-start">17641 ms</span>
              </div> <!-- test-method -->
              <div class="test-method">
                <img src="failed.png">
                </img>
                <span class="method-name">runScenario("Login with valid credentials using DDT", "Login")</span>
                <span class="method-start">24015 ms</span>
              </div> <!-- test-method -->
              <div class="test-method">
                <span class="method-name">runScenario("Login with valid credentials using DDT", "Login")</span>
                <span class="method-start">29058 ms</span>
              </div> <!-- test-method -->
              <div class="test-method">
                <span class="method-name">runScenario("Login with valid credentials using DDT", "Login")</span>
                <span class="method-start">37310 ms</span>
              </div> <!-- test-method -->
              <div class="test-method">
                <span class="method-name">runScenario("Login with valid credentials using DDT", "Login")</span>
                <span class="method-start">45575 ms</span>
              </div> <!-- test-method -->
              <div class="test-method">
                <img src="failed.png">
                </img>
                <span class="method-name">runScenario("Login with valid credentials using DDT", "Login")</span>
                <span class="method-start">53328 ms</span>
              </div> <!-- test-method -->
              <div class="test-method">
                <img src="failed.png">
                </img>
                <span class="method-name">runScenario("Search for a  product", "SearchBar")</span>
                <span class="method-start">60648 ms</span>
              </div> <!-- test-method -->
              <div class="test-method">
                <span class="method-name">runScenario("Verify that user can successfully purchase a product", "User Product Purchase Flow")</span>
                <span class="method-start">64680 ms</span>
              </div> <!-- test-method -->
              <div class="test-method">
                <span class="method-name">runScenario("Verify that user can successfully purchase a product", "User Product Purchase Flow")</span>
                <span class="method-start">71112 ms</span>
              </div> <!-- test-method -->
              <div class="test-method">
                <span class="method-name">runScenario("Verify that user can successfully purchase a product", "User Product Purchase Flow")</span>
                <span class="method-start">77035 ms</span>
              </div> <!-- test-method -->
              <div class="test-method">
                <span class="method-name">runScenario("Verify that user can successfully purchase a product", "User Product Purchase Flow")</span>
                <span class="method-start">85734 ms</span>
              </div> <!-- test-method -->
              <div class="test-method">
                <span class="method-name">runScenario("Verify that user can successfully purchase a product", "User Product Purchase Flow")</span>
                <span class="method-start">91816 ms</span>
              </div> <!-- test-method -->
              <div class="test-method">
                <span class="method-name">runScenario("Verify that user can successfully purchase a product", "User Product Purchase Flow")</span>
                <span class="method-start">97367 ms</span>
              </div> <!-- test-method -->
              <div class="test-method">
                <img src="failed.png">
                </img>
                <span class="method-name">runScenario("Verify that user can successfully purchase a product", "User Product Purchase Flow")</span>
                <span class="method-start">103527 ms</span>
              </div> <!-- test-method -->
              <div class="test-method">
                <img src="failed.png">
                </img>
                <span class="method-name">runScenario("Verify that user can successfully purchase a product", "User Product Purchase Flow")</span>
                <span class="method-start">108276 ms</span>
              </div> <!-- test-method -->
              <div class="test-method">
                <img src="failed.png">
                </img>
                <span class="method-name">runScenario("Verify that user can successfully purchase a product", "User Product Purchase Flow")</span>
                <span class="method-start">113614 ms</span>
              </div> <!-- test-method -->
              <div class="test-method">
                <span class="method-name">runScenario("Verify that user can successfully purchase a product", "User Product Purchase Flow")</span>
                <span class="method-start">119099 ms</span>
              </div> <!-- test-method -->
              <div class="test-method">
                <img src="failed.png">
                </img>
                <span class="method-name">runScenario("Verify that user can successfully purchase a product", "User Product Purchase Flow")</span>
                <span class="method-start">125906 ms</span>
              </div> <!-- test-method -->
              <div class="test-method">
                <span class="method-name">runScenario("Verify that user can successfully purchase a product", "User Product Purchase Flow")</span>
                <span class="method-start">131014 ms</span>
              </div> <!-- test-method -->
              <div class="test-method">
                <span class="method-name">runScenario("Verify that user can successfully purchase a product", "User Product Purchase Flow")</span>
                <span class="method-start">137132 ms</span>
              </div> <!-- test-method -->
              <div class="test-method">
                <img src="failed.png">
                </img>
                <span class="method-name">runScenario("Verify that user can successfully purchase a product", "User Product Purchase Flow")</span>
                <span class="method-start">143401 ms</span>
              </div> <!-- test-method -->
              <div class="test-method">
                <img src="failed.png">
                </img>
                <span class="method-name">runScenario("Verify that user can successfully purchase a product", "User Product Purchase Flow")</span>
                <span class="method-start">148301 ms</span>
              </div> <!-- test-method -->
              <div class="test-method">
                <img src="failed.png">
                </img>
                <span class="method-name">runScenario("Verify that user can successfully purchase a product", "User Product Purchase Flow")</span>
                <span class="method-start">153492 ms</span>
              </div> <!-- test-method -->
              <div class="test-method">
                <img src="failed.png">
                </img>
                <span class="method-name">runScenario("Verify that user can successfully purchase a product", "User Product Purchase Flow")</span>
                <span class="method-start">158675 ms</span>
              </div> <!-- test-method -->
              <div class="configuration-class after">
                <span class="method-name">tearDownClass</span>
                <span class="method-start">163885 ms</span>
              </div> <!-- configuration-class after -->
          </div> <!-- main-panel-content rounded-window-bottom -->
        </div> <!-- panel -->
      </div> <!-- main-panel-root -->
    </div> <!-- wrapper -->
  </body>
<script type="text/javascript" src="testng-reports2.js"></script>
</html>
